2021-06-23 15:50:03,671 INFO  [org.jboss.modules] (main) JBoss Modules version 1.11.0.Final
2021-06-23 15:50:05,091 INFO  [org.jboss.msc] (main) JBoss MSC version 1.4.12.Final
2021-06-23 15:50:05,126 INFO  [org.jboss.threads] (main) JBoss Threads version 2.4.0.Final
2021-06-23 15:50:05,452 INFO  [org.jboss.as] (MSC service thread 1-2) WFLYSRV0049: Keycloak 13.0.1 (WildFly Core 15.0.1.Final) starting
2021-06-23 15:50:05,455 DEBUG [org.jboss.as.config] (MSC service thread 1-2) Configured system properties:
	[Standalone] = 
	awt.toolkit = sun.lwawt.macosx.LWCToolkit
	file.encoding = UTF-8
	file.encoding.pkg = sun.io
	file.separator = /
	ftp.nonProxyHosts = local|*.local|169.254/16|*.169.254/16
	gopherProxySet = false
	http.nonProxyHosts = local|*.local|169.254/16|*.169.254/16
	java.awt.graphicsenv = sun.awt.CGraphicsEnvironment
	java.awt.headless = true
	java.awt.printerjob = sun.lwawt.macosx.CPrinterJob
	java.class.path = /Users/darivo/Desktop/micard-services/misso/jboss-modules.jar
	java.class.version = 52.0
	java.endorsed.dirs = /Library/Java/JavaVirtualMachines/adoptopenjdk-8.jdk/Contents/Home/jre/lib/endorsed
	java.ext.dirs = /Users/darivo/Library/Java/Extensions:/Library/Java/JavaVirtualMachines/adoptopenjdk-8.jdk/Contents/Home/jre/lib/ext:/Library/Java/Extensions:/Network/Library/Java/Extensions:/System/Library/Java/Extensions:/usr/lib/java
	java.home = /Library/Java/JavaVirtualMachines/adoptopenjdk-8.jdk/Contents/Home/jre
	java.io.tmpdir = /var/folders/b7/f8rk53414k3bpwd8mn8wytf80000gn/T/
	java.library.path = /Users/darivo/Library/Java/Extensions:/Library/Java/Extensions:/Network/Library/Java/Extensions:/System/Library/Java/Extensions:/usr/lib/java:.
	java.net.preferIPv4Stack = true
	java.runtime.name = OpenJDK Runtime Environment
	java.runtime.version = 1.8.0_282-b08
	java.specification.name = Java Platform API Specification
	java.specification.vendor = Oracle Corporation
	java.specification.version = 1.8
	java.util.logging.manager = org.jboss.logmanager.LogManager
	java.vendor = AdoptOpenJDK
	java.vendor.url = https://adoptopenjdk.net/
	java.vendor.url.bug = https://github.com/AdoptOpenJDK/openjdk-support/issues
	java.version = 1.8.0_282
	java.vm.info = mixed mode
	java.vm.name = OpenJDK 64-Bit Server VM
	java.vm.specification.name = Java Virtual Machine Specification
	java.vm.specification.vendor = Oracle Corporation
	java.vm.specification.version = 1.8
	java.vm.vendor = AdoptOpenJDK
	java.vm.version = 25.282-b08
	javax.management.builder.initial = org.jboss.as.jmx.PluggableMBeanServerBuilder
	jboss.home.dir = /Users/darivo/Desktop/micard-services/misso
	jboss.host.name = daynes-air
	jboss.modules.dir = /Users/darivo/Desktop/micard-services/misso/modules
	jboss.modules.system.pkgs = org.jboss.byteman
	jboss.node.name = daynes-air
	jboss.qualified.host.name = daynes-air
	jboss.server.base.dir = /Users/darivo/Desktop/micard-services/misso/standalone
	jboss.server.config.dir = /Users/darivo/Desktop/micard-services/misso/standalone/configuration
	jboss.server.data.dir = /Users/darivo/Desktop/micard-services/misso/standalone/data
	jboss.server.deploy.dir = /Users/darivo/Desktop/micard-services/misso/standalone/data/content
	jboss.server.log.dir = /Users/darivo/Desktop/micard-services/misso/standalone/log
	jboss.server.name = daynes-air
	jboss.server.persist.config = true
	jboss.server.temp.dir = /Users/darivo/Desktop/micard-services/misso/standalone/tmp
	line.separator = 

	logging.configuration = file:/Users/darivo/Desktop/micard-services/misso/standalone/configuration/logging.properties
	module.path = /Users/darivo/Desktop/micard-services/misso/modules
	org.jboss.boot.log.file = /Users/darivo/Desktop/micard-services/misso/standalone/log/server.log
	org.jboss.resolver.warning = true
	os.arch = x86_64
	os.name = Mac OS X
	os.version = 10.16
	path.separator = :
	socksNonProxyHosts = local|*.local|169.254/16|*.169.254/16
	sun.arch.data.model = 64
	sun.boot.class.path = /Library/Java/JavaVirtualMachines/adoptopenjdk-8.jdk/Contents/Home/jre/lib/resources.jar:/Library/Java/JavaVirtualMachines/adoptopenjdk-8.jdk/Contents/Home/jre/lib/rt.jar:/Library/Java/JavaVirtualMachines/adoptopenjdk-8.jdk/Contents/Home/jre/lib/sunrsasign.jar:/Library/Java/JavaVirtualMachines/adoptopenjdk-8.jdk/Contents/Home/jre/lib/jsse.jar:/Library/Java/JavaVirtualMachines/adoptopenjdk-8.jdk/Contents/Home/jre/lib/jce.jar:/Library/Java/JavaVirtualMachines/adoptopenjdk-8.jdk/Contents/Home/jre/lib/charsets.jar:/Library/Java/JavaVirtualMachines/adoptopenjdk-8.jdk/Contents/Home/jre/lib/jfr.jar:/Library/Java/JavaVirtualMachines/adoptopenjdk-8.jdk/Contents/Home/jre/classes
	sun.boot.library.path = /Library/Java/JavaVirtualMachines/adoptopenjdk-8.jdk/Contents/Home/jre/lib
	sun.cpu.endian = little
	sun.cpu.isalist = 
	sun.io.unicode.encoding = UnicodeBig
	sun.java.command = /Users/darivo/Desktop/micard-services/misso/jboss-modules.jar -mp /Users/darivo/Desktop/micard-services/misso/modules org.jboss.as.standalone -Djboss.home.dir=/Users/darivo/Desktop/micard-services/misso -Djboss.server.base.dir=/Users/darivo/Desktop/micard-services/misso/standalone
	sun.java.launcher = SUN_STANDARD
	sun.jnu.encoding = UTF-8
	sun.management.compiler = HotSpot 64-Bit Tiered Compilers
	sun.os.patch.level = unknown
	user.country = ZA
	user.dir = /Users/darivo/Desktop/micard-services/misso/bin
	user.home = /Users/darivo
	user.language = en
	user.name = darivo
	user.timezone = Africa/Johannesburg
2021-06-23 15:50:05,457 DEBUG [org.jboss.as.config] (MSC service thread 1-2) VM Arguments: -D[Standalone] -Xms64m -Xmx512m -XX:MetaspaceSize=96M -XX:MaxMetaspaceSize=256m -Djava.net.preferIPv4Stack=true -Djboss.modules.system.pkgs=org.jboss.byteman -Djava.awt.headless=true -Dorg.jboss.boot.log.file=/Users/darivo/Desktop/micard-services/misso/standalone/log/server.log -Dlogging.configuration=file:/Users/darivo/Desktop/micard-services/misso/standalone/configuration/logging.properties 
2021-06-23 15:50:07,137 INFO  [org.wildfly.security] (ServerService Thread Pool -- 19) ELY00001: WildFly Elytron version 1.15.3.Final
2021-06-23 15:50:07,972 INFO  [org.jboss.as.controller.management-deprecated] (ServerService Thread Pool -- 11) WFLYCTL0033: Extension 'security' is deprecated and may not be supported in future versions
2021-06-23 15:50:08,423 INFO  [org.jboss.as.controller.management-deprecated] (Controller Boot Thread) WFLYCTL0028: Attribute 'security-realm' in the resource at address '/core-service=management/management-interface=http-interface' is deprecated, and may be removed in a future version. See the attribute description in the output of the read-resource-description operation to learn more about the deprecation.
2021-06-23 15:50:08,462 INFO  [org.jboss.as.controller.management-deprecated] (ServerService Thread Pool -- 7) WFLYCTL0028: Attribute 'security-realm' in the resource at address '/subsystem=undertow/server=default-server/https-listener=https' is deprecated, and may be removed in a future version. See the attribute description in the output of the read-resource-description operation to learn more about the deprecation.
2021-06-23 15:50:08,759 INFO  [org.jboss.as.server] (Controller Boot Thread) WFLYSRV0039: Creating http management service using socket-binding (management-http)
2021-06-23 15:50:08,800 INFO  [org.xnio] (MSC service thread 1-5) XNIO version 3.8.4.Final
2021-06-23 15:50:08,821 INFO  [org.xnio.nio] (MSC service thread 1-5) XNIO NIO Implementation Version 3.8.4.Final
2021-06-23 15:50:08,894 INFO  [org.jboss.as.clustering.infinispan] (ServerService Thread Pool -- 40) WFLYCLINF0001: Activating Infinispan subsystem.
2021-06-23 15:50:08,908 INFO  [org.jboss.as.naming] (ServerService Thread Pool -- 45) WFLYNAM0001: Activating Naming Subsystem
2021-06-23 15:50:08,897 INFO  [org.wildfly.extension.io] (ServerService Thread Pool -- 35) WFLYIO001: Worker 'default' has auto-configured to 8 IO threads with 64 max task threads based on your 4 available processors
2021-06-23 15:50:08,910 INFO  [org.jboss.as.jaxrs] (ServerService Thread Pool -- 36) WFLYRS0016: RESTEasy version 3.15.1.Final
2021-06-23 15:50:08,924 INFO  [org.wildfly.extension.health] (ServerService Thread Pool -- 34) WFLYHEALTH0001: Activating Base Health Subsystem
2021-06-23 15:50:08,935 INFO  [org.wildfly.extension.metrics] (ServerService Thread Pool -- 44) WFLYMETRICS0001: Activating Base Metrics Subsystem
2021-06-23 15:50:08,938 INFO  [org.jboss.as.security] (ServerService Thread Pool -- 49) WFLYSEC0002: Activating Security Subsystem
2021-06-23 15:50:08,949 INFO  [org.wildfly.extension.undertow] (MSC service thread 1-2) WFLYUT0003: Undertow 2.2.5.Final starting
2021-06-23 15:50:08,988 INFO  [org.jboss.as.security] (MSC service thread 1-1) WFLYSEC0001: Current PicketBox version=5.0.3.Final-redhat-00007
2021-06-23 15:50:08,992 INFO  [org.jboss.as.naming] (MSC service thread 1-2) WFLYNAM0003: Starting Naming Service
2021-06-23 15:50:08,996 INFO  [org.jboss.as.mail.extension] (MSC service thread 1-6) WFLYMAIL0001: Bound mail session [java:jboss/mail/Default]
2021-06-23 15:50:09,022 WARN  [org.jboss.as.txn] (ServerService Thread Pool -- 52) WFLYTX0013: The node-identifier attribute on the /subsystem=transactions is set to the default value. This is a danger for environments running multiple servers. Please make sure the attribute value is unique.
2021-06-23 15:50:09,039 INFO  [org.jboss.as.connector] (MSC service thread 1-7) WFLYJCA0009: Starting Jakarta Connectors Subsystem (WildFly/IronJacamar 1.4.27.Final)
2021-06-23 15:50:09,127 WARN  [org.wildfly.clustering.web.undertow] (ServerService Thread Pool -- 42) WFLYCLWEBUT0007: No routing provider found for default-server; using legacy provider based on static configuration
2021-06-23 15:50:09,136 WARN  [org.wildfly.extension.elytron] (MSC service thread 1-8) WFLYELY00023: KeyStore file '/Users/darivo/Desktop/micard-services/misso/standalone/configuration/application.keystore' does not exist. Used blank.
2021-06-23 15:50:09,150 INFO  [org.jboss.as.connector.subsystems.datasources] (ServerService Thread Pool -- 50) WFLYJCA0004: Deploying JDBC-compliant driver class org.h2.Driver (version 1.4)
2021-06-23 15:50:09,155 INFO  [org.jboss.as.connector.deployers.jdbc] (MSC service thread 1-2) WFLYJCA0018: Started Driver service with driver-name = h2
2021-06-23 15:50:09,329 INFO  [org.jboss.remoting] (MSC service thread 1-2) JBoss Remoting version 5.0.20.Final
2021-06-23 15:50:09,399 WARN  [org.wildfly.extension.elytron] (MSC service thread 1-7) WFLYELY01084: KeyStore /Users/darivo/Desktop/micard-services/misso/standalone/configuration/application.keystore not found, it will be auto generated on first use with a self-signed certificate for host localhost
2021-06-23 15:50:09,553 INFO  [org.wildfly.extension.undertow] (ServerService Thread Pool -- 42) WFLYUT0014: Creating file handler for path '/Users/darivo/Desktop/micard-services/misso/welcome-content' with options [directory-listing: 'false', follow-symlink: 'false', case-sensitive: 'true', safe-symlink-paths: '[]']
2021-06-23 15:50:09,554 INFO  [org.jboss.as.ejb3] (MSC service thread 1-6) WFLYEJB0481: Strict pool slsb-strict-max-pool is using a max instance size of 64 (per class), which is derived from thread worker pool sizing.
2021-06-23 15:50:09,554 INFO  [org.jboss.as.ejb3] (MSC service thread 1-4) WFLYEJB0482: Strict pool mdb-strict-max-pool is using a max instance size of 16 (per class), which is derived from the number of CPUs on this host.
2021-06-23 15:50:09,662 INFO  [org.wildfly.extension.undertow] (MSC service thread 1-2) WFLYUT0012: Started server default-server.
2021-06-23 15:50:09,664 INFO  [org.wildfly.extension.undertow] (MSC service thread 1-5) Queuing requests.
2021-06-23 15:50:09,670 INFO  [org.wildfly.extension.undertow] (MSC service thread 1-5) WFLYUT0018: Host default-host starting
2021-06-23 15:50:09,965 INFO  [org.wildfly.extension.undertow] (MSC service thread 1-8) WFLYUT0006: Undertow HTTP listener default listening on 127.0.0.1:8080
2021-06-23 15:50:10,107 INFO  [org.jboss.as.ejb3] (MSC service thread 1-2) WFLYEJB0493: Jakarta Enterprise Beans subsystem suspension complete
2021-06-23 15:50:10,456 INFO  [org.jboss.as.connector.subsystems.datasources] (MSC service thread 1-6) WFLYJCA0001: Bound data source [java:jboss/datasources/KeycloakDS]
2021-06-23 15:50:10,459 INFO  [org.jboss.as.connector.subsystems.datasources] (MSC service thread 1-6) WFLYJCA0001: Bound data source [java:jboss/datasources/ExampleDS]
2021-06-23 15:50:10,573 WARN  [org.jboss.as.domain.management.security] (MSC service thread 1-3) WFLYDM0111: Keystore /Users/darivo/Desktop/micard-services/misso/standalone/configuration/application.keystore not found, it will be auto generated on first use with a self signed certificate for host localhost
2021-06-23 15:50:10,582 INFO  [org.jboss.as.server.deployment.scanner] (MSC service thread 1-2) WFLYDS0013: Started FileSystemDeploymentService for directory /Users/darivo/Desktop/micard-services/misso/standalone/deployments
2021-06-23 15:50:10,602 INFO  [org.jboss.as.server.deployment] (MSC service thread 1-5) WFLYSRV0027: Starting deployment of "keycloak-server.war" (runtime-name: "keycloak-server.war")
2021-06-23 15:50:10,638 INFO  [org.wildfly.extension.undertow] (MSC service thread 1-2) WFLYUT0006: Undertow HTTPS listener https listening on 127.0.0.1:8443
2021-06-23 15:50:10,666 INFO  [org.jboss.as.patching] (MSC service thread 1-4) WFLYPAT0050: Keycloak cumulative patch ID is: base, one-off patches include: none
2021-06-23 15:50:12,384 INFO  [org.infinispan.CONTAINER] (ServerService Thread Pool -- 54) ISPN000128: Infinispan version: Infinispan 'Corona Extra' 11.0.9.Final
2021-06-23 15:50:12,490 INFO  [org.infinispan.CONFIG] (MSC service thread 1-5) ISPN000152: Passivation configured without an eviction policy being selected. Only manually evicted entities will be passivated.
2021-06-23 15:50:12,492 INFO  [org.infinispan.CONFIG] (MSC service thread 1-5) ISPN000152: Passivation configured without an eviction policy being selected. Only manually evicted entities will be passivated.
2021-06-23 15:50:12,708 INFO  [org.infinispan.PERSISTENCE] (ServerService Thread Pool -- 55) ISPN000556: Starting user marshaller 'org.wildfly.clustering.infinispan.marshalling.jboss.JBossMarshaller'
2021-06-23 15:50:12,710 INFO  [org.infinispan.PERSISTENCE] (ServerService Thread Pool -- 54) ISPN000556: Starting user marshaller 'org.wildfly.clustering.infinispan.spi.marshalling.InfinispanProtoStreamMarshaller'
2021-06-23 15:50:13,281 INFO  [org.jboss.as.clustering.infinispan] (ServerService Thread Pool -- 54) WFLYCLINF0002: Started http-remoting-connector cache from ejb container
2021-06-23 15:50:13,317 INFO  [org.jboss.as.clustering.infinispan] (ServerService Thread Pool -- 65) WFLYCLINF0002: Started authenticationSessions cache from keycloak container
2021-06-23 15:50:13,327 INFO  [org.jboss.as.clustering.infinispan] (ServerService Thread Pool -- 62) WFLYCLINF0002: Started offlineClientSessions cache from keycloak container
2021-06-23 15:50:13,330 INFO  [org.jboss.as.clustering.infinispan] (ServerService Thread Pool -- 59) WFLYCLINF0002: Started actionTokens cache from keycloak container
2021-06-23 15:50:13,331 INFO  [org.jboss.as.clustering.infinispan] (ServerService Thread Pool -- 56) WFLYCLINF0002: Started work cache from keycloak container
2021-06-23 15:50:13,332 INFO  [org.jboss.as.clustering.infinispan] (ServerService Thread Pool -- 58) WFLYCLINF0002: Started sessions cache from keycloak container
2021-06-23 15:50:13,336 INFO  [org.jboss.as.clustering.infinispan] (ServerService Thread Pool -- 60) WFLYCLINF0002: Started offlineSessions cache from keycloak container
2021-06-23 15:50:13,337 INFO  [org.jboss.as.clustering.infinispan] (ServerService Thread Pool -- 61) WFLYCLINF0002: Started loginFailures cache from keycloak container
2021-06-23 15:50:13,338 INFO  [org.jboss.as.clustering.infinispan] (ServerService Thread Pool -- 64) WFLYCLINF0002: Started clientSessions cache from keycloak container
2021-06-23 15:50:13,413 INFO  [org.jboss.as.clustering.infinispan] (ServerService Thread Pool -- 55) WFLYCLINF0002: Started realms cache from keycloak container
2021-06-23 15:50:13,416 INFO  [org.jboss.as.clustering.infinispan] (ServerService Thread Pool -- 57) WFLYCLINF0002: Started keys cache from keycloak container
2021-06-23 15:50:13,414 INFO  [org.jboss.as.clustering.infinispan] (ServerService Thread Pool -- 66) WFLYCLINF0002: Started authorization cache from keycloak container
2021-06-23 15:50:13,419 INFO  [org.jboss.as.clustering.infinispan] (ServerService Thread Pool -- 63) WFLYCLINF0002: Started users cache from keycloak container
2021-06-23 15:50:13,650 WARN  [org.jboss.as.server.deployment] (MSC service thread 1-5) WFLYSRV0273: Excluded subsystem webservices via jboss-deployment-structure.xml does not exist.
2021-06-23 15:50:15,325 INFO  [org.keycloak.services] (ServerService Thread Pool -- 66) KC-SERVICES0001: Loading config from standalone.xml or domain.xml
2021-06-23 15:50:16,066 INFO  [org.keycloak.url.DefaultHostnameProviderFactory] (ServerService Thread Pool -- 66) Frontend: <request>, Admin: <frontend>, Backend: <request>
2021-06-23 15:50:16,986 INFO  [org.jboss.as.clustering.infinispan] (ServerService Thread Pool -- 66) WFLYCLINF0002: Started realmRevisions cache from keycloak container
2021-06-23 15:50:16,992 INFO  [org.jboss.as.clustering.infinispan] (ServerService Thread Pool -- 66) WFLYCLINF0002: Started userRevisions cache from keycloak container
2021-06-23 15:50:17,000 INFO  [org.jboss.as.clustering.infinispan] (ServerService Thread Pool -- 66) WFLYCLINF0002: Started authorizationRevisions cache from keycloak container
2021-06-23 15:50:17,003 INFO  [org.keycloak.connections.infinispan.DefaultInfinispanConnectionProviderFactory] (ServerService Thread Pool -- 66) Node name: daynes-air, Site name: null
2021-06-23 15:50:18,036 INFO  [org.keycloak.connections.jpa.DefaultJpaConnectionProviderFactory] (ServerService Thread Pool -- 66) Database info: {databaseUrl=jdbc:h2:/Users/darivo/Desktop/micard-services/misso/standalone/data/keycloak, databaseUser=SA, databaseProduct=H2 1.4.197 (2018-03-18), databaseDriver=H2 JDBC Driver 1.4.197 (2018-03-18)}
2021-06-23 15:50:21,585 INFO  [org.hibernate.jpa.internal.util.LogHelper] (ServerService Thread Pool -- 66) HHH000204: Processing PersistenceUnitInfo [
	name: keycloak-default
	...]
2021-06-23 15:50:21,788 INFO  [org.hibernate.Version] (ServerService Thread Pool -- 66) HHH000412: Hibernate Core {5.3.20.Final}
2021-06-23 15:50:21,791 INFO  [org.hibernate.cfg.Environment] (ServerService Thread Pool -- 66) HHH000206: hibernate.properties not found
2021-06-23 15:50:22,250 INFO  [org.hibernate.annotations.common.Version] (ServerService Thread Pool -- 66) HCANN000001: Hibernate Commons Annotations {5.0.5.Final}
2021-06-23 15:50:22,719 INFO  [org.hibernate.dialect.Dialect] (ServerService Thread Pool -- 66) HHH000400: Using dialect: org.hibernate.dialect.H2Dialect
2021-06-23 15:50:22,818 INFO  [org.hibernate.envers.boot.internal.EnversServiceImpl] (ServerService Thread Pool -- 66) Envers integration enabled? : true
2021-06-23 15:50:23,797 INFO  [org.hibernate.orm.beans] (ServerService Thread Pool -- 66) HHH10005002: No explicit CDI BeanManager reference was passed to Hibernate, but CDI is available on the Hibernate ClassLoader.
2021-06-23 15:50:23,919 INFO  [org.hibernate.validator.internal.util.Version] (ServerService Thread Pool -- 66) HV000001: Hibernate Validator 6.0.22.Final
2021-06-23 15:50:26,163 INFO  [org.hibernate.hql.internal.QueryTranslatorFactoryInitiator] (ServerService Thread Pool -- 66) HHH000397: Using ASTQueryTranslatorFactory
2021-06-23 15:50:27,881 INFO  [org.jboss.resteasy.resteasy_jaxrs.i18n] (ServerService Thread Pool -- 66) RESTEASY002225: Deploying javax.ws.rs.core.Application: class org.keycloak.services.resources.KeycloakApplication
2021-06-23 15:50:27,886 INFO  [org.jboss.resteasy.resteasy_jaxrs.i18n] (ServerService Thread Pool -- 66) RESTEASY002205: Adding provider class org.keycloak.services.filters.KeycloakSecurityHeadersFilter from Application class org.keycloak.services.resources.KeycloakApplication
2021-06-23 15:50:27,888 INFO  [org.jboss.resteasy.resteasy_jaxrs.i18n] (ServerService Thread Pool -- 66) RESTEASY002200: Adding class resource org.keycloak.services.resources.JsResource from Application class org.keycloak.services.resources.KeycloakApplication
2021-06-23 15:50:27,888 INFO  [org.jboss.resteasy.resteasy_jaxrs.i18n] (ServerService Thread Pool -- 66) RESTEASY002200: Adding class resource org.keycloak.services.resources.ThemeResource from Application class org.keycloak.services.resources.KeycloakApplication
2021-06-23 15:50:27,888 INFO  [org.jboss.resteasy.resteasy_jaxrs.i18n] (ServerService Thread Pool -- 66) RESTEASY002205: Adding provider class org.keycloak.services.error.KeycloakErrorHandler from Application class org.keycloak.services.resources.KeycloakApplication
2021-06-23 15:50:27,889 INFO  [org.jboss.resteasy.resteasy_jaxrs.i18n] (ServerService Thread Pool -- 66) RESTEASY002220: Adding singleton resource org.keycloak.services.resources.RealmsResource from Application class org.keycloak.services.resources.KeycloakApplication
2021-06-23 15:50:27,889 INFO  [org.jboss.resteasy.resteasy_jaxrs.i18n] (ServerService Thread Pool -- 66) RESTEASY002210: Adding provider singleton org.keycloak.services.util.ObjectMapperResolver from Application class org.keycloak.services.resources.KeycloakApplication
2021-06-23 15:50:27,890 INFO  [org.jboss.resteasy.resteasy_jaxrs.i18n] (ServerService Thread Pool -- 66) RESTEASY002220: Adding singleton resource org.keycloak.services.resources.admin.AdminRoot from Application class org.keycloak.services.resources.KeycloakApplication
2021-06-23 15:50:27,890 INFO  [org.jboss.resteasy.resteasy_jaxrs.i18n] (ServerService Thread Pool -- 66) RESTEASY002220: Adding singleton resource org.keycloak.services.resources.WelcomeResource from Application class org.keycloak.services.resources.KeycloakApplication
2021-06-23 15:50:27,890 INFO  [org.jboss.resteasy.resteasy_jaxrs.i18n] (ServerService Thread Pool -- 66) RESTEASY002220: Adding singleton resource org.keycloak.services.resources.RobotsResource from Application class org.keycloak.services.resources.KeycloakApplication
2021-06-23 15:50:28,133 INFO  [org.wildfly.extension.undertow] (ServerService Thread Pool -- 66) WFLYUT0021: Registered web context: '/auth' for server 'default-server'
2021-06-23 15:50:28,368 INFO  [org.jboss.as.server] (ServerService Thread Pool -- 41) WFLYSRV0010: Deployed "keycloak-server.war" (runtime-name : "keycloak-server.war")
2021-06-23 15:50:28,452 INFO  [org.jboss.as.server] (Controller Boot Thread) WFLYSRV0212: Resuming server
2021-06-23 15:50:28,456 INFO  [org.jboss.as] (Controller Boot Thread) WFLYSRV0025: Keycloak 13.0.1 (WildFly Core 15.0.1.Final) started in 26058ms - Started 594 of 872 services (584 services are lazy, passive or on-demand)
2021-06-23 15:50:28,462 INFO  [org.jboss.as] (Controller Boot Thread) WFLYSRV0060: Http management interface listening on http://127.0.0.1:9990/management
2021-06-23 15:50:28,462 INFO  [org.jboss.as] (Controller Boot Thread) WFLYSRV0051: Admin console listening on http://127.0.0.1:9990
2021-06-23 18:39:09,135 WARN  [org.keycloak.events] (default task-20) type=REFRESH_TOKEN_ERROR, realmId=master, clientId=security-admin-console, userId=null, ipAddress=127.0.0.1, error=invalid_token, grant_type=refresh_token, client_auth_method=client-secret
2021-06-23 19:30:57,680 INFO  [org.jboss.as.server] (Thread-2) WFLYSRV0272: Suspending server
2021-06-23 19:30:57,695 INFO  [org.jboss.as.ejb3] (Thread-2) WFLYEJB0493: Jakarta Enterprise Beans subsystem suspension complete
2021-06-23 19:30:57,702 INFO  [org.jboss.as.server] (Thread-2) WFLYSRV0220: Server shutdown has been requested via an OS signal
2021-06-23 19:30:57,750 INFO  [org.jboss.as.connector.subsystems.datasources] (MSC service thread 1-8) WFLYJCA0010: Unbound data source [java:jboss/datasources/KeycloakDS]
2021-06-23 19:30:57,754 INFO  [org.jboss.as.mail.extension] (MSC service thread 1-5) WFLYMAIL0002: Unbound mail session [java:jboss/mail/Default]
2021-06-23 19:30:57,761 INFO  [org.wildfly.extension.undertow] (MSC service thread 1-4) WFLYUT0008: Undertow HTTPS listener https suspending
2021-06-23 19:30:57,767 INFO  [org.wildfly.extension.undertow] (MSC service thread 1-4) WFLYUT0007: Undertow HTTPS listener https stopped, was bound to 127.0.0.1:8443
2021-06-23 19:30:57,768 INFO  [org.wildfly.extension.undertow] (ServerService Thread Pool -- 5) WFLYUT0022: Unregistered web context: '/auth' from server 'default-server'
2021-06-23 19:30:57,808 INFO  [org.jboss.as.connector.subsystems.datasources] (MSC service thread 1-2) WFLYJCA0010: Unbound data source [java:jboss/datasources/ExampleDS]
2021-06-23 19:30:57,812 INFO  [org.jboss.as.connector.deployers.jdbc] (MSC service thread 1-8) WFLYJCA0019: Stopped Driver service with driver-name = h2
2021-06-23 19:30:57,815 INFO  [org.wildfly.extension.undertow] (MSC service thread 1-6) WFLYUT0019: Host default-host stopping
2021-06-23 19:30:57,839 INFO  [org.jboss.as.clustering.infinispan] (ServerService Thread Pool -- 76) WFLYCLINF0003: Stopped authenticationSessions cache from keycloak container
2021-06-23 19:30:57,842 INFO  [org.jboss.as.clustering.infinispan] (ServerService Thread Pool -- 71) WFLYCLINF0003: Stopped offlineSessions cache from keycloak container
2021-06-23 19:30:57,851 INFO  [org.wildfly.extension.undertow] (MSC service thread 1-7) WFLYUT0008: Undertow HTTP listener default suspending
2021-06-23 19:30:57,852 INFO  [org.jboss.as.server.deployment] (MSC service thread 1-4) WFLYSRV0028: Stopped deployment keycloak-server.war (runtime-name: keycloak-server.war) in 136ms
2021-06-23 19:30:57,857 INFO  [org.jboss.as.clustering.infinispan] (ServerService Thread Pool -- 78) WFLYCLINF0003: Stopped work cache from keycloak container
2021-06-23 19:30:57,858 INFO  [org.jboss.as.clustering.infinispan] (ServerService Thread Pool -- 80) WFLYCLINF0003: Stopped actionTokens cache from keycloak container
2021-06-23 19:30:57,858 INFO  [org.jboss.as.clustering.infinispan] (ServerService Thread Pool -- 74) WFLYCLINF0003: Stopped clientSessions cache from keycloak container
2021-06-23 19:30:57,859 INFO  [org.wildfly.extension.undertow] (MSC service thread 1-7) WFLYUT0007: Undertow HTTP listener default stopped, was bound to 127.0.0.1:8080
2021-06-23 19:30:57,861 INFO  [org.jboss.as.clustering.infinispan] (ServerService Thread Pool -- 70) WFLYCLINF0003: Stopped offlineClientSessions cache from keycloak container
2021-06-23 19:30:57,863 INFO  [org.jboss.as.clustering.infinispan] (ServerService Thread Pool -- 79) WFLYCLINF0003: Stopped loginFailures cache from keycloak container
2021-06-23 19:30:57,864 INFO  [org.jboss.as.clustering.infinispan] (ServerService Thread Pool -- 72) WFLYCLINF0003: Stopped sessions cache from keycloak container
2021-06-23 19:30:57,874 INFO  [org.jboss.as.clustering.infinispan] (ServerService Thread Pool -- 75) WFLYCLINF0003: Stopped keys cache from keycloak container
2021-06-23 19:30:57,875 INFO  [org.wildfly.extension.undertow] (MSC service thread 1-3) WFLYUT0004: Undertow 2.2.5.Final stopping
2021-06-23 19:30:57,879 INFO  [org.jboss.as.clustering.infinispan] (ServerService Thread Pool -- 77) WFLYCLINF0003: Stopped authorization cache from keycloak container
2021-06-23 19:30:57,880 INFO  [org.jboss.as.clustering.infinispan] (ServerService Thread Pool -- 69) WFLYCLINF0003: Stopped users cache from keycloak container
2021-06-23 19:30:57,889 INFO  [org.jboss.as.clustering.infinispan] (ServerService Thread Pool -- 73) WFLYCLINF0003: Stopped realms cache from keycloak container
2021-06-23 19:30:57,893 INFO  [org.infinispan.manager.DefaultCacheManager] (ServerService Thread Pool -- 73) Stopping cache manager null on null
2021-06-23 19:30:58,168 INFO  [org.jboss.as.clustering.infinispan] (ServerService Thread Pool -- 5) WFLYCLINF0003: Stopped http-remoting-connector cache from ejb container
2021-06-23 19:30:58,172 INFO  [org.infinispan.manager.DefaultCacheManager] (ServerService Thread Pool -- 5) Stopping cache manager null on null
2021-06-23 19:30:58,189 INFO  [org.jboss.as] (MSC service thread 1-2) WFLYSRV0050: Keycloak 13.0.1 (WildFly Core 15.0.1.Final) stopped in 473ms
